<?xml version="1.0" encoding="UTF-8"?>
<testng-results ignored="0" total="2" passed="2" failed="0" skipped="0">
  <reporter-output>
  </reporter-output>
  <suite started-at="2022-10-23T10:29:26 BDT" name="Command line suite" finished-at="2022-10-23T10:29:32 BDT" duration-ms="6420">
    <groups>
    </groups>
    <test started-at="2022-10-23T10:29:26 BDT" name="Command line test" finished-at="2022-10-23T10:29:32 BDT" duration-ms="6420">
      <class name="testCases.Leave_TestCase">
        <test-method signature="LoginOrangeHRM()[pri:0, instance:testCases.Leave_TestCase@2bfb6b49]" started-at="2022-10-23T10:29:26 BDT" name="LoginOrangeHRM" finished-at="2022-10-23T10:29:29 BDT" duration-ms="2553" status="PASS">
          <reporter-output>
          </reporter-output>
        </test-method> <!-- LoginOrangeHRM -->
        <test-method signature="OpenLeaveAndViewApplySubmenu()[pri:1, instance:testCases.Leave_TestCase@2bfb6b49]" started-at="2022-10-23T10:29:29 BDT" name="OpenLeaveAndViewApplySubmenu" finished-at="2022-10-23T10:29:32 BDT" duration-ms="2986" status="PASS">
          <reporter-output>
          </reporter-output>
        </test-method> <!-- OpenLeaveAndViewApplySubmenu -->
        <test-method is-config="true" signature="CloseBrowser()[pri:0, instance:testCases.Leave_TestCase@2bfb6b49]" started-at="2022-10-23T10:29:32 BDT" name="CloseBrowser" finished-at="2022-10-23T10:29:33 BDT" duration-ms="111" status="PASS">
          <reporter-output>
          </reporter-output>
        </test-method> <!-- CloseBrowser -->
      </class> <!-- testCases.Leave_TestCase -->
    </test> <!-- Command line test -->
  </suite> <!-- Command line suite -->
</testng-results>
